[handleMsg]:  {
  key: {
    remoteJid: '5217821482766@s.whatsapp.net',
    fromMe: false,
    id: 'D5ECAB5AAF051D556ABB2D6A2FEFE245',
    participant: undefined
  },
  messageTimestamp: 1716504142,
  pushName: 'Oshkarr!🤘🏻',
  broadcast: false,
  message: Message {
    extendedTextMessage: ExtendedTextMessage {
      text: 'Buenas tardes',
      previewType: 0,
      contextInfo: [ContextInfo],
      inviteLinkGroupTypeV2: 0
    },
    messageContextInfo: MessageContextInfo {
      deviceListMetadata: [DeviceListMetadata],
      deviceListMetadataVersion: 2
    }
  },
  body: 'Buenas tardes',
  from: '5217821482766'
}
[QUEUE_SE_ENVIO]:  {
  ref: 'ans_0ca4846d-a21d-4225-a8fe-73f29fb00b79',
  keyword: 'key_21bbf312-55e6-4a2c-beb4-7c7478e82bb0',
  answer: '*Cima del Tajín* Tu Asistente virtual.\n' +
    'Bienvenido a _CimaWhats_, ¿ya conoces nuestra dinamica del día de las madres?, cosulta como puedes participar en la opción 8 del menú o en nuestro Facebook https://atom.bio/cima_del_tajin\n' +
    ' \n' +
    '*¿En que puedo ayudarte? escribe una opción 🤔*\n' +
    ' \n' +
    ' \n' +
    ' 1️⃣ *Facturación por WhastApp*\n' +
    ' 2️⃣ *Facturación en linea*\n' +
    ' 3️⃣ *Correcciónes de facturas*\n' +
    ' 4️⃣ *Contacto*\n' +
    ' 5️⃣ *Sugerencias o Queja*\n' +
    ' 6️⃣ *Localiza tu estación*\n' +
    ' 7️⃣ *Informes de vacantes*\n' +
    ' 8️⃣ *⭐Terminos "Tu anecdota como mamá"⭐*',
  options: {
    media: 'https://i.imgur.com/wXugwrc.png',
    buttons: [],
    capture: false,
    child: null,
    delay: 0,
    idle: null,
    ref: null,
    nested: [
      [Object], [Object], [Object], [Object],
      [Object], [Object], [Object], [Object],
      [Object], [Object], [Object], [Object],
      [Object], [Object], [Object], [Object],
      [Object], [Object], [Object], [Object],
      [Object], [Object], [Object], [Object],
      [Object], [Object], [Object], [Object],
      [Object], [Object], [Object], [Object],
      [Object], [Object], [Object], [Object],
      [Object], [Object], [Object], [Object],
      [Object], [Object], [Object], [Object],
      [Object], [Object], [Object], [Object],
      [Object], [Object], [Object], [Object],
      [Object], [Object], [Object]
    ],
    keyword: {},
    callback: true
  },
  refSerialize: 'e1aacb98c2cc025da8b20ea5ff6703bc'
}
